[ 2017-01-05T08:47:12+08:00 ] 10.32.32.1 /
INFO: [ app_init ] --START--
INFO: Run Behavior\BuildLiteBehavior [ RunTime:0.000038s ]
INFO: [ app_init ] --END-- [ RunTime:0.000504s ]
INFO: [ app_begin ] --START--
INFO: Run Behavior\ReadHtmlCacheBehavior [ RunTime:0.000634s ]
INFO: [ app_begin ] --END-- [ RunTime:0.000722s ]
INFO: [ view_parse ] --START--
INFO: [ template_filter ] --START--
INFO: Run Behavior\ContentReplaceBehavior [ RunTime:0.000062s ]
INFO: [ template_filter ] --END-- [ RunTime:0.000164s ]
NOTIC: [8] Undefined variable: typename /home/wwwroot/default/Application/Runtime/Cache/Home/2a94b8bda04ff446dcedd42276fc99ee.php 第 194 行.
INFO: Run Behavior\ParseTemplateBehavior [ RunTime:0.009383s ]
INFO: [ view_parse ] --END-- [ RunTime:0.009465s ]
INFO: [ view_filter ] --START--
INFO: Run Behavior\WriteHtmlCacheBehavior [ RunTime:0.000307s ]
INFO: [ view_filter ] --END-- [ RunTime:0.000371s ]
INFO: [ app_end ] --START--
INFO: Run Behavior\ShowPageTraceBehavior [ RunTime:0.000726s ]
INFO: [ app_end ] --END-- [ RunTime:0.000800s ]

[ 2017-01-05T09:10:55+08:00 ] 10.32.32.1 /
INFO: [ app_init ] --START--
INFO: Run Behavior\BuildLiteBehavior [ RunTime:0.000033s ]
INFO: [ app_init ] --END-- [ RunTime:0.000617s ]
INFO: [ app_begin ] --START--
INFO: Run Behavior\ReadHtmlCacheBehavior [ RunTime:0.000657s ]
INFO: [ app_begin ] --END-- [ RunTime:0.000773s ]
INFO: [ view_parse ] --START--
INFO: [ template_filter ] --START--
INFO: Run Behavior\ContentReplaceBehavior [ RunTime:0.000071s ]
INFO: [ template_filter ] --END-- [ RunTime:0.000163s ]
NOTIC: [8] Undefined variable: typename /home/wwwroot/default/Application/Runtime/Cache/Home/2a94b8bda04ff446dcedd42276fc99ee.php 第 194 行.
INFO: Run Behavior\ParseTemplateBehavior [ RunTime:0.009477s ]
INFO: [ view_parse ] --END-- [ RunTime:0.009562s ]
INFO: [ view_filter ] --START--
INFO: Run Behavior\WriteHtmlCacheBehavior [ RunTime:0.000323s ]
INFO: [ view_filter ] --END-- [ RunTime:0.000389s ]
INFO: [ app_end ] --START--
INFO: Run Behavior\ShowPageTraceBehavior [ RunTime:0.000701s ]
INFO: [ app_end ] --END-- [ RunTime:0.000782s ]

[ 2017-01-05T09:13:17+08:00 ] 10.32.32.1 /
INFO: [ app_init ] --START--
INFO: Run Behavior\BuildLiteBehavior [ RunTime:0.000057s ]
INFO: [ app_init ] --END-- [ RunTime:0.000534s ]
INFO: [ app_begin ] --START--
INFO: Run Behavior\ReadHtmlCacheBehavior [ RunTime:0.000614s ]
INFO: [ app_begin ] --END-- [ RunTime:0.000704s ]
INFO: [ view_parse ] --START--
INFO: [ template_filter ] --START--
INFO: Run Behavior\ContentReplaceBehavior [ RunTime:0.000061s ]
INFO: [ template_filter ] --END-- [ RunTime:0.000143s ]
NOTIC: [8] Undefined variable: typename /home/wwwroot/default/Application/Runtime/Cache/Home/2a94b8bda04ff446dcedd42276fc99ee.php 第 194 行.
INFO: Run Behavior\ParseTemplateBehavior [ RunTime:0.009112s ]
INFO: [ view_parse ] --END-- [ RunTime:0.009240s ]
INFO: [ view_filter ] --START--
INFO: Run Behavior\WriteHtmlCacheBehavior [ RunTime:0.000340s ]
INFO: [ view_filter ] --END-- [ RunTime:0.000408s ]
INFO: [ app_end ] --START--
INFO: Run Behavior\ShowPageTraceBehavior [ RunTime:0.000636s ]
INFO: [ app_end ] --END-- [ RunTime:0.000714s ]

[ 2017-01-05T10:07:24+08:00 ] 10.32.32.1 /
INFO: [ app_init ] --START--
INFO: Run Behavior\BuildLiteBehavior [ RunTime:0.000023s ]
INFO: [ app_init ] --END-- [ RunTime:0.000483s ]
INFO: [ app_begin ] --START--
INFO: Run Behavior\ReadHtmlCacheBehavior [ RunTime:0.000631s ]
INFO: [ app_begin ] --END-- [ RunTime:0.000717s ]
INFO: [ view_parse ] --START--
INFO: [ template_filter ] --START--
INFO: Run Behavior\ContentReplaceBehavior [ RunTime:0.000071s ]
INFO: [ template_filter ] --END-- [ RunTime:0.000152s ]
NOTIC: [8] Undefined variable: typename /home/wwwroot/default/Application/Runtime/Cache/Home/2a94b8bda04ff446dcedd42276fc99ee.php 第 194 行.
INFO: Run Behavior\ParseTemplateBehavior [ RunTime:0.008919s ]
INFO: [ view_parse ] --END-- [ RunTime:0.008994s ]
INFO: [ view_filter ] --START--
INFO: Run Behavior\WriteHtmlCacheBehavior [ RunTime:0.000287s ]
INFO: [ view_filter ] --END-- [ RunTime:0.000352s ]
INFO: [ app_end ] --START--
INFO: Run Behavior\ShowPageTraceBehavior [ RunTime:0.000645s ]
INFO: [ app_end ] --END-- [ RunTime:0.000743s ]

[ 2017-01-05T15:09:29+08:00 ] 10.32.32.1 /
INFO: [ app_init ] --START--
INFO: Run Behavior\BuildLiteBehavior [ RunTime:0.000023s ]
INFO: [ app_init ] --END-- [ RunTime:0.000546s ]
INFO: [ app_begin ] --START--
INFO: Run Behavior\ReadHtmlCacheBehavior [ RunTime:0.000655s ]
INFO: [ app_begin ] --END-- [ RunTime:0.000749s ]
INFO: [ view_parse ] --START--
INFO: [ template_filter ] --START--
INFO: Run Behavior\ContentReplaceBehavior [ RunTime:0.000094s ]
INFO: [ template_filter ] --END-- [ RunTime:0.000184s ]
NOTIC: [8] Undefined variable: typename /home/wwwroot/default/Application/Runtime/Cache/Home/2a94b8bda04ff446dcedd42276fc99ee.php 第 194 行.
INFO: Run Behavior\ParseTemplateBehavior [ RunTime:0.009248s ]
INFO: [ view_parse ] --END-- [ RunTime:0.009328s ]
INFO: [ view_filter ] --START--
INFO: Run Behavior\WriteHtmlCacheBehavior [ RunTime:0.000342s ]
INFO: [ view_filter ] --END-- [ RunTime:0.000410s ]
INFO: [ app_end ] --START--
INFO: Run Behavior\ShowPageTraceBehavior [ RunTime:0.000697s ]
INFO: [ app_end ] --END-- [ RunTime:0.000772s ]

